<?xml version="1.0" encoding="UTF-8"?>
<!-- Generated by org.testng.reporters.JUnitReportReporter -->
<testsuite name="com.basic.MyGoogleRestAssured.BasicsOfRestAssured" tests="2" time="6.132" ignored="0" failures="0" timestamp="15 Feb 2020 08:05:28 GMT" skipped="0" hostname="Admin-PC" errors="0">
  <testcase name="TestGoogle" time="2.764" classname="com.basic.MyGoogleRestAssured.BasicsOfRestAssured"/>
  <testcase name="TestF1" time="3.368" classname="com.basic.MyGoogleRestAssured.BasicsOfRestAssured"/>
</testsuite> <!-- com.basic.MyGoogleRestAssured.BasicsOfRestAssured -->
